INFO: Iteration: 1
		Solution: x = [1907.2671760478595, 0.0003147345603991404, 0.04577325810152543, 0.0047159380478270195, 0.0009330309899236592, 9.31116927596833e-05, 0.0017623106389228708, 0.00032622196491840366, 8.85879660082287e-05]
	Waiting ExaConstit for file Experiment_stress_270.txt ......
		SUCCESSFULL SIMULATION!!!
		Individual obj function: fit_obj = 0.059376303724535895
	Waiting ExaConstit for file Experiment_stress_300.txt ......
		SUCCESSFULL SIMULATION!!!
		Individual obj function: fit_obj = 0.06927649326591301

INFO: Iteration: 2
		Solution: x = [1798.264283767709, 0.0005884363623580239, 0.07157697750952505, 0.0014377920399022165, 0.0009843552677986313, 7.844267041317402e-05, 0.0021920037167562365, 0.00010746370213468562, 3.4903515105033925e-05]
	Waiting ExaConstit for file Experiment_stress_270.txt ......
		SUCCESSFULL SIMULATION!!!
		Individual obj function: fit_obj = 0.14519450268672898
	Waiting ExaConstit for file Experiment_stress_300.txt ......
		SUCCESSFULL SIMULATION!!!
		Individual obj function: fit_obj = 0.13909303599886289

INFO: Iteration: 3
		Solution: x = [1845.3064076128019, 0.0004061938510351194, 0.07254243654384787, 0.00816307968398502, 0.0007960035824397612, 2.9582664649139852e-05, 0.009047370559153847, 0.00023530065789052317, 8.63235215219395e-05]
	Waiting ExaConstit for file Experiment_stress_270.txt ......
		SUCCESSFULL SIMULATION!!!
		Individual obj function: fit_obj = 0.27008962229246053
	Waiting ExaConstit for file Experiment_stress_300.txt ......
		SUCCESSFULL SIMULATION!!!
		Individual obj function: fit_obj = 0.26156709130278166

INFO: Iteration: 4
		Solution: x = [1740.3536437633993, 0.0006651379341692243, 0.08596937316752325, 0.005225287419304231, 0.0005472477032524209, 1.2558329183135712e-05, 0.0012176097918885466, 0.0008215282251355173, 4.8291981624168725e-05]
	Waiting ExaConstit for file Experiment_stress_270.txt ......
		SUCCESSFULL SIMULATION!!!
		Individual obj function: fit_obj = 0.2714533066751685
	Waiting ExaConstit for file Experiment_stress_300.txt ......
		SUCCESSFULL SIMULATION!!!
		Individual obj function: fit_obj = 0.1817571791291099

INFO: Iteration: 5
		Solution: x = [1796.9502176685878, 0.0003147345603991404, 0.04577325810152543, 0.0047159380478270195, 0.0009313193985487431, 9.353312184734569e-05, 0.0017623106389228708, 0.00032764720792035154, 8.85879660082287e-05]
	Waiting ExaConstit for file Experiment_stress_270.txt ......
		SUCCESSFULL SIMULATION!!!
		Individual obj function: fit_obj = 0.05937633662684976
	Waiting ExaConstit for file Experiment_stress_300.txt ......
		SUCCESSFULL SIMULATION!!!
		Individual obj function: fit_obj = 0.0692771142493657

INFO: Iteration: 6
		Solution: x = [1919.3054758660978, 0.0005884363623580239, 0.07157697750952505, 0.0014377920399022165, 0.0009860668567953142, 7.802124132394793e-05, 0.0021920037167562365, 0.00010646944085474483, 3.4903515105033925e-05]
	Waiting ExaConstit for file Experiment_stress_270.txt ......
		SUCCESSFULL SIMULATION!!!
		Individual obj function: fit_obj = 0.1451943654668019
	Waiting ExaConstit for file Experiment_stress_300.txt ......
		SUCCESSFULL SIMULATION!!!
		Individual obj function: fit_obj = 0.13909366653002916

INFO: Iteration: 7
		Solution: x = [1845.3064076128019, 0.0004061938510351194, 0.07254243654384787, 0.00816307968398502, 0.0007960035824397612, 1.2228383809109244e-05, 0.008982516243706043, 0.0002365277497883642, 5.033133409253112e-05]
	Waiting ExaConstit for file Experiment_stress_270.txt ......
		SUCCESSFULL SIMULATION!!!
		Individual obj function: fit_obj = 0.27008962229246053
	Waiting ExaConstit for file Experiment_stress_300.txt ......
		SUCCESSFULL SIMULATION!!!
		Individual obj function: fit_obj = 0.2605102458994843

INFO: Iteration: 8
		Solution: x = [1740.3536437633993, 0.0006436610595949639, 0.08596937316752325, 0.005225287419304231, 0.0005472477032524209, 2.991283751339385e-05, 0.0012945599324298684, 0.0008203011679460738, 8.428416903970325e-05]
	Waiting ExaConstit for file Experiment_stress_270.txt ......
		SUCCESSFULL SIMULATION!!!
		Individual obj function: fit_obj = 0.2714457204095593
	Waiting ExaConstit for file Experiment_stress_300.txt ......
		SUCCESSFULL SIMULATION!!!
		Individual obj function: fit_obj = 0.1829851049936213

